-------------------------------------------------------------------------------
Test set: api.spotify.ExamplesTest
-------------------------------------------------------------------------------
Tests run: 1, Failures: 1, Errors: 0, Skipped: 0, Time elapsed: 9.336 s <<< FAILURE! - in api.spotify.ExamplesTest
api.spotify.ExamplesTest.testParallel  Time elapsed: 9.292 s  <<< FAILURE!
org.opentest4j.AssertionFailedError: 
status code was: 200, expected: 400, response time in milliseconds: 243, url: https://api.spotify.com/v1/albums?ids=3iA6lFPydNrgFd6s1Hojii%2C14zUHaJZo1mnYtn6IBRaRP, response: 
{"albums":[{"album_type":"album","total_tracks":11,"available_markets":["AR","AU","AT","BE","BO","BR","BG","CA","CL","CO","CR","CY","CZ","DK","DO","DE","EC","EE","SV","FI","FR","GR","GT","HN","HK","HU","IS","IE","IT","LV","LT","LU","MY","MT","MX","NL","NZ","NI","NO","PA","PY","PE","PH","PL","PT","SG","SK","ES","SE","CH","TW","TR","UY","US","GB","AD","LI","MC","ID","JP","TH","VN","RO","IL","ZA","SA","AE","BH","QA","OM","KW","EG","MA","DZ","TN","LB","JO","PS","IN","KZ","MD","UA","AL","BA","HR","ME","MK","RS","SI","KR","BD","PK","LK","GH","KE","NG","TZ","UG","AG","AM","BS","BB","BZ","BT","BW","BF","CV","CW","DM","FJ","GM","GE","GD","GW","GY","HT","JM","KI","LS","LR","MW","MV","ML","MH","FM","NA","NR","NE","PW","PG","PR","WS","SM","ST","SN","SC","SL","SB","KN","LC","VC","SR","TL","TO","TT","TV","VU","AZ","BN","BI","KH","CM","TD","KM","GQ","SZ","GA","GN","KG","LA","MO","MR","MN","NP","RW","TG","UZ","ZW","BJ","MG","MU","MZ","AO","CI","DJ","ZM","CD","CG","IQ","LY","TJ","VE","ET","XK"],"external_urls":{"spotify":"https://open.spotify.com/album/3iA6lFPydNrgFd6s1Hojii"},"href":"https://api.spotify.com/v1/albums/3iA6lFPydNrgFd6s1Hojii","id":"3iA6lFPydNrgFd6s1Hojii","images":[{"url":"https://i.scdn.co/image/ab67616d0000b27393cd9c4d2b58369055169792","height":640,"width":640},{"url":"https://i.scdn.co/image/ab67616d00001e0293cd9c4d2b58369055169792","height":300,"width":300},{"url":"https://i.scdn.co/image/ab67616d0000485193cd9c4d2b58369055169792","height":64,"width":64}],"name":"PERMANENTE","release_date":"2024-08-01","release_date_precision":"day","type":"album","uri":"spotify:album:3iA6lFPydNrgFd6s1Hojii","artists":[{"external_urls":{"spotify":"https://open.spotify.com/artist/14zUHaJZo1mnYtn6IBRaRP"},"href":"https://api.spotify.com/v1/artists/14zUHaJZo1mnYtn6IBRaRP","id":"14zUHaJZo1mnYtn6IBRaRP","name":"Justin Quiles","type":"artist","uri":"spotify:artist:14zUHaJZo1mnYtn6IBRaRP"}],"tracks":{"href":"https://api.spotify.com/v1/albums/3iA6lFPydNrgFd6s1Hojii/tracks?offset=0&limit=50","limit":50,"next":null,"offset":0,"previous":null,"total":11,"items":[{"artists":[{"external_urls":{"spotify":"https://open.spotify.com/artist/14zUHaJZo1mnYtn6IBRaRP"},"href":"https://api.spotify.com/v1/artists/14zUHaJZo1mnYtn6IBRaRP","id":"14zUHaJZo1mnYtn6IBRaRP","name":"Justin Quiles","type":"artist","uri":"spotify:artist:14zUHaJZo1mnYtn6IBRaRP"}],"available_markets":["AR","AU","AT","BE","BO","BR","BG","CA","CL","CO","CR","CY","CZ","DK","DO","DE","EC","EE","SV","FI","FR","GR","GT","HN","HK","HU","IS","IE","IT","LV","LT","LU","MY","MT","MX","NL","NZ","NI","NO","PA","PY","PE","PH","PL","PT","SG","SK","ES","SE","CH","TW","TR","UY","US","GB","AD","LI","MC","ID","JP","TH","VN","RO","IL","ZA","SA","AE","BH","QA","OM","KW","EG","MA","DZ","TN","LB","JO","PS","IN","KZ","MD","UA","AL","BA","HR","ME","MK","RS","SI","KR","BD","PK","LK","GH","KE","NG","TZ","UG","AG","AM","BS","BB","BZ","BT","BW","BF","CV","CW","DM","FJ","GM","GE","GD","GW","GY","HT","JM","KI","LS","LR","MW","MV","ML","MH","FM","NA","NR","NE","PW","PG","PR","WS","SM","ST","SN","SC","SL","SB","KN","LC","VC","SR","TL","TO","TT","TV","VU","AZ","BN","BI","KH","CM","TD","KM","GQ","SZ","GA","GN","KG","LA","MO","MR","MN","NP","RW","TG","UZ","ZW","BJ","MG","MU","MZ","AO","CI","DJ","ZM","CD","CG","IQ","LY","TJ","VE","ET","XK"],"disc_number":1,"duration_ms":168260,"explicit":true,"external_urls":{"spotify":"https://open.spotify.com/track/26PheDeOQ5GrtRtxbMAjro"},"href":"https://api.spotify.com/v1/tracks/26PheDeOQ5GrtRtxbMAjro","id":"26PheDeOQ5GrtRtxbMAjro","name":"PERMANENTE (INTRO)","preview_url":null,"track_number":1,"type":"track","uri":"spotify:track:26PheDeOQ5GrtRtxbMAjro","is_local":false},{"artists":[{"external_urls":{"spotify":"https://open.spotify.com/artist/14zUHaJZo1mnYtn6IBRaRP"},"href":"https://api.spotify.com/v1/artists/14zUHaJZo1mnYtn6IBRaRP","id":"14zUHaJZo1mnYtn6IBRaRP","name":"Justin Quiles","type":"artist","uri":"spotify:artist:14zUHaJZo1mnYtn6IBRaRP"}],"available_markets":["AR","AU","AT","BE","BO","BR","BG","CA","CL","CO","CR","CY","CZ","DK","DO","DE","EC","EE","SV","FI","FR","GR","GT","HN","HK","HU","IS","IE","IT","LV","LT","LU","MY","MT","MX","NL","NZ","NI","NO","PA","PY","PE","PH","PL","PT","SG","SK","ES","SE","CH","TW","TR","UY","US","GB","AD","LI","MC","ID","JP","TH","VN","RO","IL","ZA","SA","AE","BH","QA","OM","KW","EG","MA","DZ","TN","LB","JO","PS","IN","KZ","MD","UA","AL","BA","HR","ME","MK","RS","SI","KR","BD","PK","LK","GH","KE","NG","TZ","UG","AG","AM","BS","BB","BZ","BT","BW","BF","CV","CW","DM","FJ","GM","GE","GD","GW","GY","HT","JM","KI","LS","LR","MW","MV","ML","MH","FM","NA","NR","NE","PW","PG","PR","WS","SM","ST","SN","SC","SL","SB","KN","LC","VC","SR","TL","TO","TT","TV","VU","AZ","BN","BI","KH","CM","TD","KM","GQ","SZ","GA","GN","KG","LA","MO","MR","MN","NP","RW","TG","UZ","ZW","BJ","MG","MU","MZ","AO","CI","DJ","ZM","CD","CG","IQ","LY","TJ","VE","ET","XK"],"disc_number":1,"duration_ms":129557,"explicit":true,"external_urls":{"spotify":"https://open.spotify.com/track/4ZgNkauy7LD2e4Fl1k26lb"},"href":"https://api.spotify.com/v1/tracks/4ZgNkauy7LD2e4Fl1k26lb","id":"4ZgNkauy7LD2e4Fl1k26lb","name":"TU ROPA","preview_url":null,"track_number":2,"type":"track","uri":"spotify:track:4ZgNkauy7LD2e4Fl1k26lb","is_local":false},{"artists":[{"external_urls":{"spotify":"https://open.spotify.com/artist/14zUHaJZo1mnYtn6IBRaRP"},"href":"https://api.spotify.com/v1/artists/14zUHaJZo1mnYtn6IBRaRP","id":"14zUHaJZo1mnYtn6IBRaRP","name":"Justin Quiles","type":"artist","uri":"spotify:artist:14zUHaJZo1mnYtn6IBRaRP"},{"external_urls":{"spotify":"https://open.spotify.com/artist/2AbQwU2cuEGfD465wCXlg2"},"href":"https://api.spotify.com/v1/artists/2AbQwU2cuEGfD465wCXlg2","id":"2AbQwU2cuEGfD465wCXlg2","name":"Rawayana","type":"artist","uri":"spotify:artist:2AbQwU2cuEGfD465wCXlg2"}],"available_markets":["AR","AU","AT","BE","BO","BR","BG","CA","CL","CO","CR","CY","CZ","DK","DO","DE","EC","EE","SV","FI","FR","GR","GT","HN","HK","HU","IS","IE","IT","LV","LT","LU","MY","MT","MX","NL","NZ","NI","NO","PA","PY","PE","PH","PL","PT","SG","SK","ES","SE","CH","TW","TR","UY","US","GB","AD","LI","MC","ID","JP","TH","VN","RO","IL","ZA","SA","AE","BH","QA","OM","KW","EG","MA","DZ","TN","LB","JO","PS","IN","KZ","MD","UA","AL","BA","HR","ME","MK","RS","SI","KR","BD","PK","LK","GH","KE","NG","TZ","UG","AG","AM","BS","BB","BZ","BT","BW","BF","CV","CW","DM","FJ","GM","GE","GD","GW","GY","HT","JM","KI","LS","LR","MW","MV","ML","MH","FM","NA","NR","NE","PW","PG","PR","WS","SM","ST","SN","SC","SL","SB","KN","LC","VC","SR","TL","TO","TT","TV","VU","AZ","BN","BI","KH","CM","TD","KM","GQ","SZ","GA","GN","KG","LA","MO","MR","MN","NP","RW","TG","UZ","ZW","BJ","MG","MU","MZ","AO","CI","DJ","ZM","CD","CG","IQ","LY","TJ","VE","ET","XK"],"disc_number":1,"duration_ms":142962,"explicit":true,"external_urls":{"spotify":"https://open.spotify.com/track/1c5xz0UTqjNGrfjSeYFLNv"},"href":"https://api.spotify.com/v1/tracks/1c5xz0UTqjNGrfjSeYFLNv","id":"1c5xz0UTqjNGrfjSeYFLNv","name":"BOOM BOOM","preview_url":null,"track_number":3,"type":"track","uri":"spotify:track:1c5xz0UTqjNGrfjSeYFLNv","is_local":false},{"artists":[{"external_urls":{"spotify":"https://open.spotify.com/artist/14zUHaJZo1mnYtn6IBRaRP"},"href":"https://api.spotify.com/v1/artists/14zUHaJZo1mnYtn6IBRaRP","id":"14zUHaJZo1mnYtn6IBRaRP","name":"Justin Quiles","type":"artist","uri":"spotify:artist:14zUHaJZo1mnYtn6IBRaRP"}],"available_markets":["AR","AU","AT","BE","BO","BR","BG","CA","CL","CO","CR","CY","CZ","DK","DO","DE","EC","EE","SV","FI","FR","GR","GT","HN","HK","HU","IS","IE","IT","LV","LT","LU","MY","MT","MX","NL","NZ","NI","NO","PA","PY","PE","PH","PL","PT","SG","SK","ES","SE","CH","TW","TR","UY","US","GB","AD","LI","MC","ID","JP","TH","VN","RO","IL","ZA","SA","AE","BH","QA","OM","KW","EG","MA","DZ","TN","LB","JO","PS","IN","KZ","MD","UA","AL","BA","HR","ME","MK","RS","SI","KR","BD","PK","LK","GH","KE","NG","TZ","UG","AG","AM","BS","BB","BZ","BT","BW","BF","CV","CW","DM","FJ","GM","GE","GD","GW","GY","HT","JM","KI","LS","LR","MW","MV","ML","MH","FM","NA","NR","NE","PW","PG","PR","WS","SM","ST","SN","SC","SL","SB","KN","LC","VC","SR","TL","TO","TT","TV","VU","AZ","BN","BI","KH","CM","TD","KM","GQ","SZ","GA","GN","KG","LA","MO","MR","MN","NP","RW","TG","UZ","ZW","BJ","MG","MU","MZ","AO","CI","DJ","ZM","CD","CG","IQ","LY","TJ","VE","ET","XK"],"disc_number":1,"duration_ms":116190,"explicit":true,"external_urls":{"spotify":"https://open.spotify.com/track/477yGZK8FOM1CgoAwYDRrV"},"href":"https://api.spotify.com/v1/tracks/477yGZK8FOM1CgoAwYDRrV","id":"477yGZK8FOM1CgoAwYDRrV","name":"SU GATO","preview_url":null,"track_number":4,"type":"track","uri":"spotify:track:477yGZK8FOM1CgoAwYDRrV","is_local":false},{"artists":[{"external_urls":{"spotify":"https://open.spotify.com/artist/14zUHaJZo1mnYtn6IBRaRP"},"href":"https://api.spotify.com/v1/artists/14zUHaJZo1mnYtn6IBRaRP","id":"14zUHaJZo1mnYtn6IBRaRP","name":"Justin Quiles","type":"artist","uri":"spotify:artist:14zUHaJZo1mnYtn6IBRaRP"}],"available_markets":["AR","AU","AT","BE","BO","BR","BG","CA","CL","CO","CR","CY","CZ","DK","DO","DE","EC","EE","SV","FI","FR","GR","GT","HN","HK","HU","IS","IE","IT","LV","LT","LU","MY","MT","MX","NL","NZ","NI","NO","PA","PY","PE","PH","PL","PT","SG","SK","ES","SE","CH","TW","TR","UY","US","GB","AD","LI","MC","ID","JP","TH","VN","RO","IL","ZA","SA","AE","BH","QA","OM","KW","EG","MA","DZ","TN","LB","JO","PS","IN","KZ","MD","UA","AL","BA","HR","ME","MK","RS","SI","KR","BD","PK","LK","GH","KE","NG","TZ","UG","AG","AM","BS","BB","BZ","BT","BW","BF","CV","CW","DM","FJ","GM","GE","GD","GW","GY","HT","JM","KI","LS","LR","MW","MV","ML","MH","FM","NA","NR","NE","PW","PG","PR","WS","SM","ST","SN","SC","SL","SB","KN","LC","VC","SR","TL","TO","TT","TV","VU","AZ","BN","BI","KH","CM","TD","KM","GQ","SZ","GA","GN","KG","LA","MO","MR","MN","NP","RW","TG","UZ","ZW","BJ","MG","MU","MZ","AO","CI","DJ","ZM","CD","CG","IQ","LY","TJ","VE","ET","XK"],"disc_number":1,"duration_ms":142666,"explicit":true,"external_urls":{"spotify":"https://open.spotify.com/track/5Qf6xHXefiHfsTDZp04sdK"},"href":"https://api.spotify.com/v1/tracks/5Qf6xHXefiHfsTDZp04sdK","id":"5Qf6xHXefiHfsTDZp04sdK","name":"WHITE TEE","preview_url":null,"track_number":5,"type":"track","uri":"spotify:track:5Qf6xHXefiHfsTDZp04sdK","is_local":false},{"artists":[{"external_urls":{"spotify":"https://open.spotify.com/artist/14zUHaJZo1mnYtn6IBRaRP"},"href":"https://api.spotify.com/v1/artists/14zUHaJZo1mnYtn6IBRaRP","id":"14zUHaJZo1mnYtn6IBRaRP","name":"Justin Quiles","type":"artist","uri":"spotify:artist:14zUHaJZo1mnYtn6IBRaRP"}],"available_markets":["AR","AU","AT","BE","BO","BR","BG","CA","CL","CO","CR","CY","CZ","DK","DO","DE","EC","EE","SV","FI","FR","GR","GT","HN","HK","HU","IS","IE","IT","LV","LT","LU","MY","MT","MX","NL","NZ","NI","NO","PA","PY","PE","PH","PL","PT","SG","SK","ES","SE","CH","TW","TR","UY","US","GB","AD","LI","MC","ID","JP","TH","VN","RO","IL","ZA","SA","AE","BH","QA","OM","KW","EG","MA","DZ","TN","LB","JO","PS","IN","KZ","MD","UA","AL","BA","HR","ME","MK","RS","SI","KR","BD","PK","LK","GH","KE","NG","TZ","UG","AG","AM","BS","BB","BZ","BT","BW","BF","CV","CW","DM","FJ","GM","GE","GD","GW","GY","HT","JM","KI","LS","LR","MW","MV","ML","MH","FM","NA","NR","NE","PW","PG","PR","WS","SM","ST","SN","SC","SL","SB","KN","LC","VC","SR","TL","TO","TT","TV","VU","AZ","BN","BI","KH","CM","TD","KM","GQ","SZ","GA","GN","KG","LA","MO","MR","MN","NP","RW","TG","UZ","ZW","BJ","MG","MU","MZ","AO","CI","DJ","ZM","CD","CG","IQ","LY","TJ","VE","ET","XK"],"disc_number":1,"duration_ms":118956,"explicit":true,"external_urls":{"spotify":"https://open.spotify.com/track/5giosKrpoGDPqTbrVm5pLr"},"href":"https://api.spotify.com/v1/tracks/5giosKrpoGDPqTbrVm5pLr","id":"5giosKrpoGDPqTbrVm5pLr","name":"LIKE YOU","preview_url":null,"track_number":6,"type":"track","uri":"spotify:track:5giosKrpoGDPqTbrVm5pLr","is_local":false},{"artists":[{"external_urls":{"spotify":"https://open.spotify.com/artist/14zUHaJZo1mnYtn6IBRaRP"},"href":"https://api.spotify.com/v1/artists/14zUHaJZo1mnYtn6IBRaRP","id":"14zUHaJZo1mnYtn6IBRaRP","name":"Justin Quiles","type":"artist","uri":"spotify:artist:14zUHaJZo1mnYtn6IBRaRP"}],"available_markets":["AR","AU","AT","BE","BO","BR","BG","CA","CL","CO","CR","CY","CZ","DK","DO","DE","EC","EE","SV","FI","FR","GR","GT","HN","HK","HU","IS","IE","IT","LV","LT","LU","MY","MT","MX","NL","NZ","NI","NO","PA","PY","PE","PH","PL","PT","SG","SK","ES","SE","CH","TW","TR","UY","US","GB","AD","LI","MC","ID","JP","TH","VN","RO","IL","ZA","SA","AE","BH","QA","OM","KW","EG","MA","DZ","TN","LB","JO","PS","IN","KZ","MD","UA","AL","BA","HR","ME","MK","RS","SI","KR","BD","PK","LK","GH","KE","NG","TZ","UG","AG","AM","BS","BB","BZ","BT","BW","BF","CV","CW","DM","FJ","GM","GE","GD","GW","GY","HT","JM","KI","LS","LR","MW","MV","ML","MH","FM","NA","NR","NE","PW","PG","PR","WS","SM","ST","SN","SC","SL","SB","KN","LC","VC","SR","TL","TO","TT","TV","VU","AZ","BN","BI","KH","CM","TD","KM","GQ","SZ","GA","GN","KG","LA","MO","MR","MN","NP","RW","TG","UZ","ZW","BJ","MG","MU","MZ","AO","CI","DJ","ZM","CD","CG","IQ","LY","TJ","VE","ET","XK"],"disc_number":1,"duration_ms":136615,"explicit":true,"external_urls":{"spotify":"https://open.spotify.com/track/2A921k4SPpRUo7xUS9HQ8l"},"href":"https://api.spotify.com/v1/tracks/2A921k4SPpRUo7xUS9HQ8l","id":"2A921k4SPpRUo7xUS9HQ8l","name":"PLAY BOY","preview_url":null,"track_number":7,"type":"track","uri":"spotify:track:2A921k4SPpRUo7xUS9HQ8l","is_local":false},{"artists":[{"external_urls":{"spotify":"https://open.spotify.com/artist/14zUHaJZo1mnYtn6IBRaRP"},"href":"https://api.spotify.com/v1/artists/14zUHaJZo1mnYtn6IBRaRP","id":"14zUHaJZo1mnYtn6IBRaRP","name":"Justin Quiles","type":"artist","uri":"spotify:artist:14zUHaJZo1mnYtn6IBRaRP"}],"available_markets":["AR","AU","AT","BE","BO","BR","BG","CA","CL","CO","CR","CY","CZ","DK","DO","DE","EC","EE","SV","FI","FR","GR","GT","HN","HK","HU","IS","IE","IT","LV","LT","LU","MY","MT","MX","NL","NZ","NI","NO","PA","PY","PE","PH","PL","PT","SG","SK","ES","SE","CH","TW","TR","UY","US","GB","AD","LI","MC","ID","JP","TH","VN","RO","IL","ZA","SA","AE","BH","QA","OM","KW","EG","MA","DZ","TN","LB","JO","PS","IN","KZ","MD","UA","AL","BA","HR","ME","MK","RS","SI","KR","BD","PK","LK","GH","KE","NG","TZ","UG","AG","AM","BS","BB","BZ","BT","BW","BF","CV","CW","DM","FJ","GM","GE","GD","GW","GY","HT","JM","KI","LS","LR","MW","MV","ML","MH","FM","NA","NR","NE","PW","PG","PR","WS","SM","ST","SN","SC","SL","SB","KN","LC","VC","SR","TL","TO","TT","TV","VU","AZ","BN","BI","KH","CM","TD","KM","GQ","SZ","GA","GN","KG","LA","MO","MR","MN","NP","RW","TG","UZ","ZW","BJ","MG","MU","MZ","AO","CI","DJ","ZM","CD","CG","IQ","LY","TJ","VE","ET","XK"],"disc_number":1,"duration_ms":131320,"explicit":true,"external_urls":{"spotify":"https://open.spotify.com/track/4F5AT7bf7eI0uuVkUeQOTL"},"href":"https://api.spotify.com/v1/tracks/4F5AT7bf7eI0uuVkUeQOTL","id":"4F5AT7bf7eI0uuVkUeQOTL","name":"YA BEBÍ","preview_url":null,"track_number":8,"type":"track","uri":"spotify:track:4F5AT7bf7eI0uuVkUeQOTL","is_local":false},{"artists":[{"external_urls":{"spotify":"https://open.spotify.com/artist/14zUHaJZo1mnYtn6IBRaRP"},"href":"https://api.spotify.com/v1/artists/14zUHaJZo1mnYtn6IBRaRP","id":"14zUHaJZo1mnYtn6IBRaRP","name":"Justin Quiles","type":"artist","uri":"spotify:artist:14zUHaJZo1mnYtn6IBRaRP"}],"available_markets":["AR","AU","AT","BE","BO","BR","BG","CA","CL","CO","CR","CY","CZ","DK","DO","DE","EC","EE","SV","FI","FR","GR","GT","HN","HK","HU","IS","IE","IT","LV","LT","LU","MY","MT","MX","NL","NZ","NI","NO","PA","PY","PE","PH","PL","PT","SG","SK","ES","SE","CH","TW","TR","UY","US","GB","AD","LI","MC","ID","JP","TH","VN","RO","IL","ZA","SA","AE","BH","QA","OM","KW","EG","MA","DZ","TN","LB","JO","PS","IN","KZ","MD","UA","AL","BA","HR","ME","MK","RS","SI","KR","BD","PK","LK","GH","KE","NG","TZ","UG","AG","AM","BS","BB","BZ","BT","BW","BF","CV","CW","DM","FJ","GM","GE","GD","GW","GY","HT","JM","KI","LS","LR","MW","MV","ML","MH","FM","NA","NR","NE","PW","PG","PR","WS","SM","ST","SN","SC","SL","SB","KN","LC","VC","SR","TL","TO","TT","TV","VU","AZ","BN","BI","KH","CM","TD","KM","GQ","SZ","GA","GN","KG","LA","MO","MR","MN","NP","RW","TG","UZ","ZW","BJ","MG","MU","MZ","AO","CI","DJ","ZM","CD","CG","IQ","LY","TJ","VE","ET","XK"],"disc_number":1,"duration_ms":123200,"explicit":true,"external_urls":{"spotify":"https://open.spotify.com/track/2n4Tk9Xks0ya224A5eqPfH"},"href":"https://api.spotify.com/v1/tracks/2n4Tk9Xks0ya224A5eqPfH","id":"2n4Tk9Xks0ya224A5eqPfH","name":"SE PRESTA","preview_url":null,"track_number":9,"type":"track","uri":"spotify:track:2n4Tk9Xks0ya224A5eqPfH","is_local":false},{"artists":[{"external_urls":{"spotify":"https://open.spotify.com/artist/14zUHaJZo1mnYtn6IBRaRP"},"href":"https://api.spotify.com/v1/artists/14zUHaJZo1mnYtn6IBRaRP","id":"14zUHaJZo1mnYtn6IBRaRP","name":"Justin Quiles","type":"artist","uri":"spotify:artist:14zUHaJZo1mnYtn6IBRaRP"}],"available_markets":["AR","AU","AT","BE","BO","BR","BG","CA","CL","CO","CR","CY","CZ","DK","DO","DE","EC","EE","SV","FI","FR","GR","GT","HN","HK","HU","IS","IE","IT","LV","LT","LU","MY","MT","MX","NL","NZ","NI","NO","PA","PY","PE","PH","PL","PT","SG","SK","ES","SE","CH","TW","TR","UY","US","GB","AD","LI","MC","ID","JP","TH","VN","RO","IL","ZA","SA","AE","BH","QA","OM","KW","EG","MA","DZ","TN","LB","JO","PS","IN","KZ","MD","UA","AL","BA","HR","ME","MK","RS","SI","KR","BD","PK","LK","GH","KE","NG","TZ","UG","AG","AM","BS","BB","BZ","BT","BW","BF","CV","CW","DM","FJ","GM","GE","GD","GW","GY","HT","JM","KI","LS","LR","MW","MV","ML","MH","FM","NA","NR","NE","PW","PG","PR","WS","SM","ST","SN","SC","SL","SB","KN","LC","VC","SR","TL","TO","TT","TV","VU","AZ","BN","BI","KH","CM","TD","KM","GQ","SZ","GA","GN","KG","LA","MO","MR","MN","NP","RW","TG","UZ","ZW","BJ","MG","MU","MZ","AO","CI","DJ","ZM","CD","CG","IQ","LY","TJ","VE","ET","XK"],"disc_number":1,"duration_ms":120000,"explicit":true,"external_urls":{"spotify":"https://open.spotify.com/track/70OQcScSTSTVaVVAexErSy"},"href":"https://api.spotify.com/v1/tracks/70OQcScSTSTVaVVAexErSy","id":"70OQcScSTSTVaVVAexErSy","name":"MAREA","preview_url":null,"track_number":10,"type":"track","uri":"spotify:track:70OQcScSTSTVaVVAexErSy","is_local":false},{"artists":[{"external_urls":{"spotify":"https://open.spotify.com/artist/14zUHaJZo1mnYtn6IBRaRP"},"href":"https://api.spotify.com/v1/artists/14zUHaJZo1mnYtn6IBRaRP","id":"14zUHaJZo1mnYtn6IBRaRP","name":"Justin Quiles","type":"artist","uri":"spotify:artist:14zUHaJZo1mnYtn6IBRaRP"}],"available_markets":["AR","AU","AT","BE","BO","BR","BG","CA","CL","CO","CR","CY","CZ","DK","DO","DE","EC","EE","SV","FI","FR","GR","GT","HN","HK","HU","IS","IE","IT","LV","LT","LU","MY","MT","MX","NL","NZ","NI","NO","PA","PY","PE","PH","PL","PT","SG","SK","ES","SE","CH","TW","TR","UY","US","GB","AD","LI","MC","ID","JP","TH","VN","RO","IL","ZA","SA","AE","BH","QA","OM","KW","EG","MA","DZ","TN","LB","JO","PS","IN","KZ","MD","UA","AL","BA","HR","ME","MK","RS","SI","KR","BD","PK","LK","GH","KE","NG","TZ","UG","AG","AM","BS","BB","BZ","BT","BW","BF","CV","CW","DM","FJ","GM","GE","GD","GW","GY","HT","JM","KI","LS","LR","MW","MV","ML","MH","FM","NA","NR","NE","PW","PG","PR","WS","SM","ST","SN","SC","SL","SB","KN","LC","VC","SR","TL","TO","TT","TV","VU","AZ","BN","BI","KH","CM","TD","KM","GQ","SZ","GA","GN","KG","LA","MO","MR","MN","NP","RW","TG","UZ","ZW","BJ","MG","MU","MZ","AO","CI","DJ","ZM","CD","CG","IQ","LY","TJ","VE","ET","XK"],"disc_number":1,"duration_ms":193170,"explicit":true,"external_urls":{"spotify":"https://open.spotify.com/track/0bwFVqqHdlrxTMv8XFnSBF"},"href":"https://api.spotify.com/v1/tracks/0bwFVqqHdlrxTMv8XFnSBF","id":"0bwFVqqHdlrxTMv8XFnSBF","name":"DIAMANTE","preview_url":null,"track_number":11,"type":"track","uri":"spotify:track:0bwFVqqHdlrxTMv8XFnSBF","is_local":false}]},"copyrights":[{"text":"© 2024 Warner Music Latina","type":"C"},{"text":"℗ 2024 Warner Music Latina","type":"P"}],"external_ids":{"upc":"5021732431523"},"genres":[],"label":"WEA Latina","popularity":45},null]}
classpath:api/spotify/Spotify/Get-Albums.feature:65 ==> expected: <0> but was: <1>
	at org.junit.jupiter.api.AssertionFailureBuilder.build(AssertionFailureBuilder.java:151)
	at org.junit.jupiter.api.AssertionFailureBuilder.buildAndThrow(AssertionFailureBuilder.java:132)
	at org.junit.jupiter.api.AssertEquals.failNotEqual(AssertEquals.java:197)
	at org.junit.jupiter.api.AssertEquals.assertEquals(AssertEquals.java:150)
	at org.junit.jupiter.api.Assertions.assertEquals(Assertions.java:563)
	at api.spotify.ExamplesTest.testParallel(apiSpotifyRunner.java:14)
	at java.base/java.lang.reflect.Method.invoke(Method.java:568)
	at java.base/java.util.ArrayList.forEach(ArrayList.java:1511)
	at java.base/java.util.ArrayList.forEach(ArrayList.java:1511)

